0.0 -2.0 30.3294
-3.0 -2.0 25.6353
3.0 -2.0 33.1529
0.0 -3.0 36.4824
-3.0 -3.0 25.6353
3.0 -3.0 39.3529
-4.0 -2.0 25.6353
-4.0 -3.0 25.6353
2.0 -2.0 33.1529
2.0 -3.0 39.3529
0.0 0.0 27.1529
-3.0 0.0 25.6353
3.0 0.0 27.2941
-4.0 0.0 25.6353
2.0 0.0 27.2941
-1.0 -2.0 26.2235
-1.0 -3.0 28.8824
-1.0 0.0 25.6353
5.0 -2.0 33.1529
5.0 -3.0 39.3529
5.0 0.0 27.2941
0.0 -4.0 51.7882
-3.0 -4.0 26.6118
3.0 -4.0 54.7647
-4.0 -4.0 25.6353
2.0 -4.0 54.7647
-1.0 -4.0 34.6118
5.0 -4.0 54.7647
-5.0 -2.0 25.6353
-5.0 -3.0 25.6353
-5.0 0.0 25.6353
-5.0 -4.0 25.6353
1.0 -2.0 33.1529
1.0 -3.0 39.3529
1.0 0.0 27.2941
1.0 -4.0 54.7647
0.0 -1.0 27.6353
-3.0 -1.0 25.6353
3.0 -1.0 28.6118
-4.0 -1.0 25.6353
2.0 -1.0 28.6118
-1.0 -1.0 25.6353
5.0 -1.0 28.6118
-5.0 -1.0 25.6353
1.0 -1.0 28.6118
-2.0 -2.0 25.6353
-2.0 -3.0 26.2
-2.0 0.0 25.6353
-2.0 -4.0 29.2824
-2.0 -1.0 25.6353
4.0 -2.0 33.1529
4.0 -3.0 39.3529
4.0 0.0 27.2941
4.0 -4.0 54.7647
4.0 -1.0 28.6118
